D:\LIBRARY\NICK\DROPBOX\GITHUB\ROOKIT_PLAYGROUND\KEYLOGGER_WIN_CPP\KEYLOGGER\DEBUG\KEYLOGGER.OBJ
D:\LIBRARY\NICK\DROPBOX\GITHUB\ROOKIT_PLAYGROUND\KEYLOGGER_WIN_CPP\KEYLOGGER\DEBUG\VC110.PDB
D:\LIBRARY\NICK\DROPBOX\GITHUB\ROOKIT_PLAYGROUND\KEYLOGGER_WIN_CPP\DEBUG\KEYLOGGER.ILK
D:\LIBRARY\NICK\DROPBOX\GITHUB\ROOKIT_PLAYGROUND\KEYLOGGER_WIN_CPP\DEBUG\KEYLOGGER.EXE
D:\LIBRARY\NICK\DROPBOX\GITHUB\ROOKIT_PLAYGROUND\KEYLOGGER_WIN_CPP\DEBUG\KEYLOGGER.PDB
D:\Library\Nick\Dropbox\github\rookit_playground\keylogger_win_cpp\keylogger\Debug\keylogger.obj
D:\Library\Nick\Dropbox\github\rookit_playground\keylogger_win_cpp\keylogger\Debug\cl.command.1.tlog
D:\Library\Nick\Dropbox\github\rookit_playground\keylogger_win_cpp\keylogger\Debug\CL.read.1.tlog
D:\Library\Nick\Dropbox\github\rookit_playground\keylogger_win_cpp\keylogger\Debug\CL.write.1.tlog
D:\Library\Nick\Dropbox\github\rookit_playground\keylogger_win_cpp\keylogger\Debug\link-cvtres.read.1.tlog
D:\Library\Nick\Dropbox\github\rookit_playground\keylogger_win_cpp\keylogger\Debug\link-cvtres.write.1.tlog
D:\Library\Nick\Dropbox\github\rookit_playground\keylogger_win_cpp\keylogger\Debug\link-rc.read.1.tlog
D:\Library\Nick\Dropbox\github\rookit_playground\keylogger_win_cpp\keylogger\Debug\link-rc.write.1.tlog
D:\Library\Nick\Dropbox\github\rookit_playground\keylogger_win_cpp\keylogger\Debug\link.command.1.tlog
D:\Library\Nick\Dropbox\github\rookit_playground\keylogger_win_cpp\keylogger\Debug\link.read.1.tlog
D:\Library\Nick\Dropbox\github\rookit_playground\keylogger_win_cpp\keylogger\Debug\link.write.1.tlog
D:\Library\Nick\Dropbox\github\rookit_playground\keylogger_win_cpp\keylogger\Debug\vc110.idb
D:\Library\Nick\Dropbox\github\rookit_playground\keylogger_win_cpp\keylogger\Debug\vc110.pdb
D:\Library\Nick\Dropbox\github\rookit_playground\keylogger_win_cpp\Debug\keylogger.pdb
D:\Library\Nick\Dropbox\github\rookit_playground\keylogger_win_cpp\Debug\keylogger.exe
D:\Library\Nick\Dropbox\github\rookit_playground\keylogger_win_cpp\Debug\keylogger.ilk
